Creating database: public/scholars.db
Creating database schema...
Creating indexes...
Schema created successfully!
Found 24335 scholar files to process...
Processed 1000/24335 scholars...
Processed 2000/24335 scholars...
Processed 3000/24335 scholars...
Processed 4000/24335 scholars...
Processed 5000/24335 scholars...
Processed 6000/24335 scholars...
Processed 7000/24335 scholars...
Processed 8000/24335 scholars...
Processed 9000/24335 scholars...
Processed 10000/24335 scholars...
Processed 11000/24335 scholars...
Processed 12000/24335 scholars...
Processed 13000/24335 scholars...
Processed 14000/24335 scholars...
Processed 15000/24335 scholars...
Processed 16000/24335 scholars...
Processed 17000/24335 scholars...
Processed 18000/24335 scholars...
Processed 19000/24335 scholars...
Processed 20000/24335 scholars...
Processed 21000/24335 scholars...
Processed 22000/24335 scholars...
Processed 23000/24335 scholars...
Processed 24000/24335 scholars...

Processing complete!

Validating database...
✓ Scholars in database: 24335
✓ Hadiths in database: 267386
✓ Relationships in database: 63762
✓ Sample query successful: Abu Bakr Al-Siddique ( أبو بكر الصديق ( رضي الله عنه has 52 hadiths

============================================================
CONVERSION STATISTICS
============================================================
Scholars processed: 24335
Hadiths processed: 39663
Relationships created: 52170
Errors encountered: 157501

First 10 errors:
  - Error creating relationship: FOREIGN KEY constraint failed
  - Error creating relationship: FOREIGN KEY constraint failed
  - Error creating relationship: FOREIGN KEY constraint failed
  - Error creating relationship: FOREIGN KEY constraint failed
  - Error creating relationship: FOREIGN KEY constraint failed
  - Error creating relationship: FOREIGN KEY constraint failed
  - Error creating relationship: FOREIGN KEY constraint failed
  - Error processing hadith: FOREIGN KEY constraint failed
  - Error processing hadith: FOREIGN KEY constraint failed
  - Error creating relationship: FOREIGN KEY constraint failed

Database size: 402.35 MB
============================================================

✓ Conversion completed successfully!
